<?xml version="1.0" encoding="UTF-8"?>
<!-- Generated by org.testng.reporters.JUnitXMLReporter -->
<testsuite hostname="fc54053253ff" failures="0" tests="3" name="Command line test" time="0.512" errors="0" timestamp="24 Sep 2021 01:03:55 GMT">
  <testcase classname="com.ecsd.automation.core.model.BrowserManagerTest" name="test_getDriver_should_return_the_same_instance_when_used_in_the_same_test_case" time="0.037"/>
  <testcase classname="com.ecsd.automation.brand.CalculationsTest" name="test_getIndexOfBalancedArray_should_return_null_when_unblanaced" time="0.0"/>
  <testcase classname="com.ecsd.automation.brand.CalculationsTest" name="test_getIndexOfBalancedArray_should_return_the_correct_index" time="0.0"/>
</testsuite> <!-- Command line test -->
