<?xml version="1.0" encoding="UTF-8"?>
<testng-results total="2" passed="2" failed="0" skipped="0">
  <reporter-output>
  </reporter-output>
  <suite started-at="2021-09-24T01:04:18Z" name="Suite" finished-at="2021-09-24T01:04:40Z" duration-ms="22422">
    <groups>
      <group name="cucumber">
        <method signature="AbstractTestNGCucumberTests.runScenario(io.cucumber.testng.PickleWrapper, io.cucumber.testng.FeatureWrapper)[pri:0, instance:com.ecsd.automation.CucumberRunner@16267862]" name="runScenario" class="io.cucumber.testng.AbstractTestNGCucumberTests"/>
      </group> <!-- cucumber -->
    </groups>
    <test started-at="2021-09-24T01:04:18Z" name="functionaltest" finished-at="2021-09-24T01:04:40Z" duration-ms="22422">
      <class name="com.ecsd.automation.CucumberRunner">
        <test-method is-config="true" signature="setUpClass()[pri:0, instance:com.ecsd.automation.CucumberRunner@16267862]" started-at="2021-09-24T01:04:18Z" name="setUpClass" finished-at="2021-09-24T01:04:19Z" duration-ms="933" status="PASS">
          <reporter-output>
          </reporter-output>
        </test-method> <!-- setUpClass -->
        <test-method signature="runScenario(io.cucumber.testng.PickleWrapper, io.cucumber.testng.FeatureWrapper)[pri:0, instance:com.ecsd.automation.CucumberRunner@16267862]" started-at="2021-09-24T01:04:19Z" name="runScenario" description="Runs Cucumber Scenarios" data-provider="scenarios" finished-at="2021-09-24T01:04:31Z" duration-ms="12530" status="PASS">
          <params>
            <param index="0">
              <value>
                <![CDATA["verify success message is shown when correct answers are submitted"]]>
              </value>
            </param>
            <param index="1">
              <value>
                <![CDATA["Optional[balanced arrays]"]]>
              </value>
            </param>
          </params>
          <reporter-output>
          </reporter-output>
        </test-method> <!-- runScenario -->
        <test-method signature="runScenario(io.cucumber.testng.PickleWrapper, io.cucumber.testng.FeatureWrapper)[pri:0, instance:com.ecsd.automation.CucumberRunner@16267862]" started-at="2021-09-24T01:04:31Z" name="runScenario" description="Runs Cucumber Scenarios" data-provider="scenarios" finished-at="2021-09-24T01:04:39Z" duration-ms="7866" status="PASS">
          <params>
            <param index="0">
              <value>
                <![CDATA["verify error message is shown when wrong answers are submitted"]]>
              </value>
            </param>
            <param index="1">
              <value>
                <![CDATA["Optional[balanced arrays]"]]>
              </value>
            </param>
          </params>
          <reporter-output>
          </reporter-output>
        </test-method> <!-- runScenario -->
        <test-method is-config="true" signature="tearDownClass()[pri:0, instance:com.ecsd.automation.CucumberRunner@16267862]" started-at="2021-09-24T01:04:39Z" name="tearDownClass" finished-at="2021-09-24T01:04:40Z" duration-ms="982" status="PASS">
          <reporter-output>
          </reporter-output>
        </test-method> <!-- tearDownClass -->
        <test-method is-config="true" signature="tearDown()[pri:0, instance:com.ecsd.automation.CucumberRunner@16267862]" started-at="2021-09-24T01:04:40Z" name="tearDown" finished-at="2021-09-24T01:04:40Z" duration-ms="69" status="PASS">
          <reporter-output>
          </reporter-output>
        </test-method> <!-- tearDown -->
      </class> <!-- com.ecsd.automation.CucumberRunner -->
    </test> <!-- functionaltest -->
  </suite> <!-- Suite -->
</testng-results>
